     1                                  ; Read a decimal number and a hexadecimal number from the keyboard. Display the number of 1's of the sum of the two numbers in decimal format. Example:
     2                                  ; a = 32 = 0010 0000b
     3                                  ; b = 1Ah = 0001 1010b
     4                                  ; 32 + 1Ah = 0011 1010b
     5                                  ; The value printed on the screen will be 4
     6                                  
     7                                  bits 32
     8                                  
     9                                  global start
    10                                  
    11                                  extern exit, printf, scanf
    12                                  import exit msvcrt.dll
    13                                  import printf msvcrt.dll
    14                                  import scanf msvcrt.dll
    15                                  
    16                                  segment data use32 class=data
    17 00000000 00000000                    a dd 0
    18 00000004 00000000                    b dd 0
    19 00000008 257500                      format1 db "%u", 0
    20 0000000B 257800                      format2 db "%x", 0
    21 0000000E 00000000                    sol dd 0
    22                                  
    23                                  segment code use32 class=code
    24                                      start:
    25 00000000 68[00000000]                    push dword a
    26 00000005 68[08000000]                    push dword format1
    27 0000000A FF15[00000000]                  call [scanf]
    28 00000010 83C408                          add esp, 4*2        ; read a decimal nr, a
    29                                          
    30 00000013 68[04000000]                    push dword b
    31 00000018 68[0B000000]                    push dword format2
    32 0000001D FF15[00000000]                  call [scanf]
    33 00000023 83C408                          add esp, 4*2        ; read a hexadecimal nr, b
    34                                          
    35 00000026 A1[00000000]                    mov eax, [a]
    36 0000002B 0305[04000000]                  add eax, [b]
    37                                          
    38                                          repeat:
    39 00000031 A901000000                          test eax, 1
    40 00000036 7406                                jz end
    41 00000038 FF05[0E000000]                      inc dword[sol]
    42                                              end:
    43 0000003E D1E8                                shr eax, 1
    44 00000040 75EF                                jnz repeat
    45                                              
    46 00000042 FF35[0E000000]                  push dword [sol]
    47 00000048 68[08000000]                    push dword format1
    48 0000004D FF15[00000000]                  call [printf]
    49 00000053 83C408                          add esp, 4*2
    50                                          
    51 00000056 6A00                            push dword 0
    52 00000058 FF15[00000000]                  call [exit]
