     1                                  ; Read from file numbers.txt a string of numbers (positive and negative). Build two strings using readen numbers:
     2                                  ; P – only with positive numbers
     3                                  ; N – only with negative numbers
     4                                  ; Display the strings on the screen.
     5                                  
     6                                  bits 32
     7                                  
     8                                  global start
     9                                  
    10                                  extern exit, fopen, fclose, fread, printf
    11                                  import exit msvcrt.dll
    12                                  import fopen msvcrt.dll
    13                                  import fclose msvcrt.dll
    14                                  import fread msvcrt.dll
    15                                  import printf msvcrt.dll
    16                                  
    17                                  extern solve
    18                                  
    19                                  ; global sir
    20                                  ; global len
    21                                  ; global P 
    22                                  ; global lenp
    23                                  ; global N
    24                                  ; global lenn
    25                                  
    26                                  segment data use32 class=data public 
    27 00000000 6E756D626572732E74-         input_file db "numbers.txt", 0
    27 00000009 787400             
    28 0000000C 7200                        modread db 'r', 0
    29 0000000E FFFFFFFF                    handle dd -1
    30 00000012 00                          c db 0
    31 00000013 256400                      printformat db '%d', 0
    32 00000016 00<rept>                    sir times 50 db 0
    33 00000048 00                          len db 0
    34 00000049 0A00                        newline db 10, 0
    35 0000004B 1400                        space db 20, 0
    36 0000004D 257300                      stringformat db '%s', 0
    37                                      
    38                                      ; P times 25 db 0
    39                                      ; lenp db 0
    40                                      ; N times 25 db 0
    41                                      ; lenn db 0
    42                                  
    43                                  segment code use32 class=code
    44                                      start:
    45                                          ; open the file path
    46 00000000 68[0C000000]                    push dword modread
    47 00000005 68[00000000]                    push dword input_file
    48 0000000A FF15[00000000]                  call [fopen]
    49 00000010 83C408                          add esp, 4*2
    50                                          
    51 00000013 A3[0E000000]                    mov [handle], eax
    52 00000018 83F800                          cmp eax, 0
    53 0000001B 0F84C2000000                    je theend
    54                                          
    55 00000021 BE[16000000]                    mov esi, sir
    56                                          repeat:
    57                                              ; read from file
    58 00000026 FF35[0E000000]                      push dword [handle]
    59 0000002C 6A01                                push dword 1
    60 0000002E 6A01                                push dword 1
    61 00000030 56                                  push dword esi
    62 00000031 FF15[00000000]                      call [fread]
    63 00000037 83C410                              add esp, 4*4
    64                                              
    65 0000003A 83F800                              cmp eax, 0
    66 0000003D 7409                                je error
    67                                              
    68 0000003F 46                                  inc esi
    69 00000040 FE05[48000000]                      inc byte[len]
    70                                              
    71 00000046 EBDE                                jmp repeat
    72                                          
    73                                          error:
    74                                              ; close the file identified by handle
    75 00000048 FF35[0E000000]                      push dword [handle]
    76 0000004E FF15[00000000]                      call [fclose]
    77 00000054 83C404                              add esp, 4*1
    78                                          
    79 00000057 B900000000                      mov ecx, 0
    80 0000005C 8A0D[48000000]                  mov cl, [len]
    81 00000062 68[16000000]                    push dword sir
    82 00000067 E8(00000000)                    call solve
    83                                          
    84                                          ; print positive numbers
    85 0000006C 5E                              pop esi  ; P
    86 0000006D 5B                              pop ebx  ; lenp
    87 0000006E 83FB00                          cmp ebx, 0
    88 00000071 742B                            je endprint1
    89                                          print1:
    90 00000073 B800000000                          mov eax, 0
    91 00000078 AC                                  lodsb
    92 00000079 50                                  push eax
    93 0000007A 68[13000000]                        push dword printformat
    94 0000007F FF15[00000000]                      call [printf]
    95 00000085 83C408                              add esp, 4*2
    96                                              
    97 00000088 68[4B000000]                        push dword space        ; print space
    98 0000008D 68[4D000000]                        push dword stringformat
    99 00000092 FF15[00000000]                      call [printf]
   100 00000098 83C408                              add esp, 4*2
   101                                              
   102 0000009B 4B                                  dec ebx
   103 0000009C 75D5                                jnz print1
   104                                          endprint1:
   105                                          
   106 0000009E 68[49000000]                    push dword newline        ; print endl
   107 000000A3 68[4D000000]                    push dword stringformat
   108 000000A8 FF15[00000000]                  call [printf]
   109 000000AE 83C408                          add esp, 4*2
   110                                          
   111                                          ; print negative numbers
   112 000000B1 5E                              pop esi  ; N
   113 000000B2 5B                              pop ebx  ; lenn
   114 000000B3 83FB00                          cmp ebx, 0
   115 000000B6 742B                            je theend
   116                                          print2:
   117 000000B8 B800000000                          mov eax, 0
   118 000000BD AC                                  lodsb
   119 000000BE 50                                  push eax
   120 000000BF 68[13000000]                        push dword printformat
   121 000000C4 FF15[00000000]                      call [printf]
   122 000000CA 83C408                              add esp, 4*2
   123                                              
   124 000000CD 68[4B000000]                        push dword space        ; print space
   125 000000D2 68[4D000000]                        push dword stringformat
   126 000000D7 FF15[00000000]                      call [printf]
   127 000000DD 83C408                              add esp, 4*2
   128                                              
   129 000000E0 4B                                  dec ebx
   130 000000E1 75D5                                jnz print2
   131                                          
   132                                          theend:
   133 000000E3 6A00                            push dword 0
   134 000000E5 FF15[00000000]                  call [exit]
   135                                          
